# JRE version: OpenJDK Runtime Environment (8.0_242) (build 1.8.0_242-release-1644-b3-6222593)
# Java VM: OpenJDK 64-Bit Server VM (25.242-b3-6222593 mixed mode linux-amd64 compressed oops)
Heap:
 PSYoungGen      total 379392K, used 20453K [0x00000000d5580000, 0x00000000f5300000, 0x0000000100000000)
  eden space 358912K, 0% used [0x00000000d5580000,0x00000000d5580000,0x00000000eb400000)
  from space 20480K, 99% used [0x00000000eb400000,0x00000000ec7f9798,0x00000000ec800000)
  to   space 24064K, 0% used [0x00000000f3b80000,0x00000000f3b80000,0x00000000f5300000)
 ParOldGen       total 77312K, used 24829K [0x0000000080000000, 0x0000000084b80000, 0x00000000d5580000)
  object space 77312K, 32% used [0x0000000080000000,0x000000008183f688,0x0000000084b80000)
 Metaspace       used 56403K, capacity 58746K, committed 58968K, reserved 1099776K
  class space    used 7438K, capacity 7903K, committed 8024K, reserved 1048576K
GC Heap History (10 events):
Event: 13.545 GC heap after
Heap after GC invocations=7 (full 1):
 PSYoungGen      total 229888K, used 12793K [0x00000000d5580000, 0x00000000e6680000, 0x0000000100000000)
  eden space 217088K, 0% used [0x00000000d5580000,0x00000000d5580000,0x00000000e2980000)
  from space 12800K, 99% used [0x00000000e5a00000,0x00000000e667e400,0x00000000e6680000)
  to   space 15360K, 0% used [0x00000000e4880000,0x00000000e4880000,0x00000000e5780000)
 ParOldGen       total 54784K, used 7234K [0x0000000080000000, 0x0000000083580000, 0x00000000d5580000)
  object space 54784K, 13% used [0x0000000080000000,0x0000000080710a18,0x0000000083580000)
 Metaspace       used 32783K, capacity 33926K, committed 34176K, reserved 1079296K
  class space    used 4417K, capacity 4712K, committed 4736K, reserved 1048576K
}
Event: 14.520 GC heap before
{Heap before GC invocations=8 (full 1):
 PSYoungGen      total 229888K, used 53049K [0x00000000d5580000, 0x00000000e6680000, 0x0000000100000000)
  eden space 217088K, 18% used [0x00000000d5580000,0x00000000d7cd0288,0x00000000e2980000)
  from space 12800K, 99% used [0x00000000e5a00000,0x00000000e667e400,0x00000000e6680000)
  to   space 15360K, 0% used [0x00000000e4880000,0x00000000e4880000,0x00000000e5780000)
 ParOldGen       total 54784K, used 7234K [0x0000000080000000, 0x0000000083580000, 0x00000000d5580000)
  object space 54784K, 13% used [0x0000000080000000,0x0000000080710a18,0x0000000083580000)
 Metaspace       used 34068K, capacity 35360K, committed 35416K, reserved 1079296K
  class space    used 4595K, capacity 4943K, committed 4952K, reserved 1048576K
Event: 14.535 GC heap after
Heap after GC invocations=8 (full 1):
 PSYoungGen      total 264192K, used 7795K [0x00000000d5580000, 0x00000000ed600000, 0x0000000100000000)
  eden space 248832K, 0% used [0x00000000d5580000,0x00000000d5580000,0x00000000e4880000)
  from space 15360K, 50% used [0x00000000e4880000,0x00000000e501ce68,0x00000000e5780000)
  to   space 14336K, 0% used [0x00000000ec800000,0x00000000ec800000,0x00000000ed600000)
 ParOldGen       total 54784K, used 7242K [0x0000000080000000, 0x0000000083580000, 0x00000000d5580000)
  object space 54784K, 13% used [0x0000000080000000,0x0000000080712a18,0x0000000083580000)
 Metaspace       used 34068K, capacity 35360K, committed 35416K, reserved 1079296K
  class space    used 4595K, capacity 4943K, committed 4952K, reserved 1048576K
}
Event: 14.535 GC heap before
{Heap before GC invocations=9 (full 2):
 PSYoungGen      total 264192K, used 7795K [0x00000000d5580000, 0x00000000ed600000, 0x0000000100000000)
  eden space 248832K, 0% used [0x00000000d5580000,0x00000000d5580000,0x00000000e4880000)
  from space 15360K, 50% used [0x00000000e4880000,0x00000000e501ce68,0x00000000e5780000)
  to   space 14336K, 0% used [0x00000000ec800000,0x00000000ec800000,0x00000000ed600000)
 ParOldGen       total 54784K, used 7242K [0x0000000080000000, 0x0000000083580000, 0x00000000d5580000)
  object space 54784K, 13% used [0x0000000080000000,0x0000000080712a18,0x0000000083580000)
 Metaspace       used 34068K, capacity 35360K, committed 35416K, reserved 1079296K
  class space    used 4595K, capacity 4943K, committed 4952K, reserved 1048576K
Event: 14.714 GC heap after
Heap after GC invocations=9 (full 2):
 PSYoungGen      total 264192K, used 0K [0x00000000d5580000, 0x00000000ed600000, 0x0000000100000000)
  eden space 248832K, 0% used [0x00000000d5580000,0x00000000d5580000,0x00000000e4880000)
  from space 15360K, 0% used [0x00000000e4880000,0x00000000e4880000,0x00000000e5780000)
  to   space 14336K, 0% used [0x00000000ec800000,0x00000000ec800000,0x00000000ed600000)
 ParOldGen       total 77312K, used 14183K [0x0000000080000000, 0x0000000084b80000, 0x00000000d5580000)
  object space 77312K, 18% used [0x0000000080000000,0x0000000080dd9fb8,0x0000000084b80000)
 Metaspace       used 34068K, capacity 35360K, committed 35416K, reserved 1079296K
  class space    used 4595K, capacity 4943K, committed 4952K, reserved 1048576K
}
Event: 21.772 GC heap before
{Heap before GC invocations=10 (full 2):
 PSYoungGen      total 264192K, used 248832K [0x00000000d5580000, 0x00000000ed600000, 0x0000000100000000)
  eden space 248832K, 100% used [0x00000000d5580000,0x00000000e4880000,0x00000000e4880000)
  from space 15360K, 0% used [0x00000000e4880000,0x00000000e4880000,0x00000000e5780000)
  to   space 14336K, 0% used [0x00000000ec800000,0x00000000ec800000,0x00000000ed600000)
 ParOldGen       total 77312K, used 14183K [0x0000000080000000, 0x0000000084b80000, 0x00000000d5580000)
  object space 77312K, 18% used [0x0000000080000000,0x0000000080dd9fb8,0x0000000084b80000)
 Metaspace       used 50493K, capacity 52584K, committed 52824K, reserved 1095680K
  class space    used 6736K, capacity 7170K, committed 7256K, reserved 1048576K
Event: 21.821 GC heap after
Heap after GC invocations=10 (full 2):
 PSYoungGen      total 373248K, used 14332K [0x00000000d5580000, 0x00000000ef500000, 0x0000000100000000)
  eden space 358912K, 0% used [0x00000000d5580000,0x00000000d5580000,0x00000000eb400000)
  from space 14336K, 99% used [0x00000000ec800000,0x00000000ed5ff360,0x00000000ed600000)
  to   space 20480K, 0% used [0x00000000eb400000,0x00000000eb400000,0x00000000ec800000)
 ParOldGen       total 77312K, used 23955K [0x0000000080000000, 0x0000000084b80000, 0x00000000d5580000)
  object space 77312K, 30% used [0x0000000080000000,0x0000000081764f40,0x0000000084b80000)
 Metaspace       used 50493K, capacity 52584K, committed 52824K, reserved 1095680K
  class space    used 6736K, capacity 7170K, committed 7256K, reserved 1048576K
}
Event: 24.751 GC heap before
{Heap before GC invocations=11 (full 2):
 PSYoungGen      total 373248K, used 100580K [0x00000000d5580000, 0x00000000ef500000, 0x0000000100000000)
  eden space 358912K, 24% used [0x00000000d5580000,0x00000000da9b9ed8,0x00000000eb400000)
  from space 14336K, 99% used [0x00000000ec800000,0x00000000ed5ff360,0x00000000ed600000)
  to   space 20480K, 0% used [0x00000000eb400000,0x00000000eb400000,0x00000000ec800000)
 ParOldGen       total 77312K, used 23955K [0x0000000080000000, 0x0000000084b80000, 0x00000000d5580000)
  object space 77312K, 30% used [0x0000000080000000,0x0000000081764f40,0x0000000084b80000)
 Metaspace       used 56403K, capacity 58746K, committed 58968K, reserved 1099776K
  class space    used 7438K, capacity 7903K, committed 8024K, reserved 1048576K
Event: 24.805 GC heap after
Heap after GC invocations=11 (full 2):
 PSYoungGen      total 379392K, used 20453K [0x00000000d5580000, 0x00000000f5300000, 0x0000000100000000)
  eden space 358912K, 0% used [0x00000000d5580000,0x00000000d5580000,0x00000000eb400000)
  from space 20480K, 99% used [0x00000000eb400000,0x00000000ec7f9798,0x00000000ec800000)
  to   space 24064K, 0% used [0x00000000f3b80000,0x00000000f3b80000,0x00000000f5300000)
 ParOldGen       total 77312K, used 24829K [0x0000000080000000, 0x0000000084b80000, 0x00000000d5580000)
  object space 77312K, 32% used [0x0000000080000000,0x000000008183f688,0x0000000084b80000)
 Metaspace       used 56403K, capacity 58746K, committed 58968K, reserved 1099776K
  class space    used 7438K, capacity 7903K, committed 8024K, reserved 1048576K
}
Event: 24.805 GC heap before
{Heap before GC invocations=12 (full 3):
 PSYoungGen      total 379392K, used 20453K [0x00000000d5580000, 0x00000000f5300000, 0x0000000100000000)
  eden space 358912K, 0% used [0x00000000d5580000,0x00000000d5580000,0x00000000eb400000)
  from space 20480K, 99% used [0x00000000eb400000,0x00000000ec7f9798,0x00000000ec800000)
  to   space 24064K, 0% used [0x00000000f3b80000,0x00000000f3b80000,0x00000000f5300000)
 ParOldGen       total 77312K, used 24829K [0x0000000080000000, 0x0000000084b80000, 0x00000000d5580000)
  object space 77312K, 32% used [0x0000000080000000,0x000000008183f688,0x0000000084b80000)
 Metaspace       used 56403K, capacity 58746K, committed 58968K, reserved 1099776K
  class space    used 7438K, capacity 7903K, committed 8024K, reserved 1048576K

